current directory: /Users/spencercurtis/Desktop/dpl_spring21/ign2.0sp21/path/ruby/2.7.0/gems/puma-5.2.2/ext/puma_http11
/Users/spencercurtis/.rbenv/versions/2.7.2/bin/ruby -I /Users/spencercurtis/.rbenv/versions/2.7.2/lib/ruby/2.7.0 -r ./siteconf20210408-74546-6nlyt2.rb extconf.rb
checking for BIO_read() in -lcrypto... yes
checking for SSL_CTX_new() in -lssl... yes
checking for openssl/bio.h... yes
checking for DTLS_method() in openssl/ssl.h... yes
checking for TLS_server_method() in openssl/ssl.h... yes
checking for SSL_CTX_set_min_proto_version(NULL, 0) in openssl/ssl.h... yes
checking for X509_STORE_up_ref()... yes
checking for SSL_CTX_set_ecdh_auto(NULL, 0) in openssl/ssl.h... yes
creating Makefile

current directory: /Users/spencercurtis/Desktop/dpl_spring21/ign2.0sp21/path/ruby/2.7.0/gems/puma-5.2.2/ext/puma_http11
make "DESTDIR=" clean

current directory: /Users/spencercurtis/Desktop/dpl_spring21/ign2.0sp21/path/ruby/2.7.0/gems/puma-5.2.2/ext/puma_http11
make "DESTDIR="
compiling http11_parser.c
compiling mini_ssl.c
compiling puma_http11.c
linking shared-object puma/puma_http11.bundle

current directory: /Users/spencercurtis/Desktop/dpl_spring21/ign2.0sp21/path/ruby/2.7.0/gems/puma-5.2.2/ext/puma_http11
make "DESTDIR=" install
/usr/bin/install -c -m 0755 puma_http11.bundle ./.gem.20210408-74546-18it48u/puma
